<?xml version="1.0" encoding="UTF-8"?>
<testng-results ignored="0" total="2" passed="1" failed="1" skipped="0">
  <reporter-output>
  </reporter-output>
  <suite started-at="2023-02-03T09:50:25 ICT" name="Default suite" finished-at="2023-02-03T09:50:52 ICT" duration-ms="27562">
    <groups>
      <group name="cucumber">
        <method signature="AbstractTestNGCucumberTests.runScenario(io.cucumber.testng.PickleWrapper,io.cucumber.testng.FeatureWrapper)[pri:0, instance:com.tia.cucumber.step_definitions.RunnerTest@15bb5034]" name="runScenario" class="io.cucumber.testng.AbstractTestNGCucumberTests"/>
      </group> <!-- cucumber -->
    </groups>
    <test started-at="2023-02-03T09:50:25 ICT" name="Default test" finished-at="2023-02-03T09:50:52 ICT" duration-ms="27562">
      <class name="com.tia.cucumber.step_definitions.RunnerTest">
        <test-method is-config="true" signature="setUpClass(org.testng.ITestContext)[pri:0, instance:com.tia.cucumber.step_definitions.RunnerTest@15bb5034]" started-at="2023-02-03T09:50:25 ICT" name="setUpClass" finished-at="2023-02-03T09:50:25 ICT" duration-ms="492" status="PASS">
          <params>
            <param index="0">
              <value>
                <![CDATA[org.testng.TestRunner@31142d58]]>
              </value>
            </param>
          </params>
          <reporter-output>
          </reporter-output>
        </test-method> <!-- setUpClass -->
        <test-method signature="runScenario(io.cucumber.testng.PickleWrapper,io.cucumber.testng.FeatureWrapper)[pri:0, instance:com.tia.cucumber.step_definitions.RunnerTest@15bb5034]" started-at="2023-02-03T09:50:25 ICT" name="runScenario" description="Runs Cucumber Scenarios" data-provider="scenarios" finished-at="2023-02-03T09:50:47 ICT" duration-ms="22037" status="PASS">
          <params>
            <param index="0">
              <value>
                <![CDATA["User valid login"]]>
              </value>
            </param>
            <param index="1">
              <value>
                <![CDATA["Login User"]]>
              </value>
            </param>
          </params>
          <reporter-output>
          </reporter-output>
        </test-method> <!-- runScenario -->
        <test-method signature="runScenario(io.cucumber.testng.PickleWrapper,io.cucumber.testng.FeatureWrapper)[pri:0, instance:com.tia.cucumber.step_definitions.RunnerTest@15bb5034]" started-at="2023-02-03T09:50:47 ICT" name="runScenario" description="Runs Cucumber Scenarios" data-provider="scenarios" finished-at="2023-02-03T09:50:49 ICT" duration-ms="1565" status="FAIL">
          <params>
            <param index="0">
              <value>
                <![CDATA["User on Dashboard"]]>
              </value>
            </param>
            <param index="1">
              <value>
                <![CDATA["User Dashboard"]]>
              </value>
            </param>
          </params>
          <exception class="java.lang.AssertionError">
            <message>
              <![CDATA[expected [Quick Launc] but found [Quick Launch]]]>
            </message>
            <full-stacktrace>
              <![CDATA[java.lang.AssertionError: expected [Quick Launc] but found [Quick Launch]
at org.testng.Assert.fail(Assert.java:110)
at org.testng.Assert.failNotEquals(Assert.java:1413)
at org.testng.Assert.assertEqualsImpl(Assert.java:149)
at org.testng.Assert.assertEquals(Assert.java:131)
at org.testng.Assert.assertEquals(Assert.java:655)
at org.testng.Assert.assertEquals(Assert.java:665)
at com.tia.cucumber.step_definitions.TestDashboard.user_on_dashboard_page(TestDashboard.java:33)
at âœ½.User on dashboard page(file:///C:/Users/train/eclipse/juaracoding/automation-testing/cucumber-java/src/main/resources/features/02.Dashboard.feature:5)
]]>
            </full-stacktrace>
          </exception> <!-- java.lang.AssertionError -->
          <reporter-output>
          </reporter-output>
        </test-method> <!-- runScenario -->
        <test-method is-config="true" signature="tearDownClass()[pri:0, instance:com.tia.cucumber.step_definitions.RunnerTest@15bb5034]" started-at="2023-02-03T09:50:49 ICT" name="tearDownClass" finished-at="2023-02-03T09:50:52 ICT" duration-ms="3390" status="PASS">
          <reporter-output>
          </reporter-output>
        </test-method> <!-- tearDownClass -->
      </class> <!-- com.tia.cucumber.step_definitions.RunnerTest -->
    </test> <!-- Default test -->
  </suite> <!-- Default suite -->
</testng-results>
