<?xml version="1.0" encoding="UTF-8"?>
<!-- Generated by org.testng.reporters.JUnitReportReporter -->
<testsuite hostname="LAPTOP-I4QEE136" failures="1" tests="2" name="com.tia.cucumber.step_definitions.RunnerTest" time="23.602" errors="0" timestamp="2023-02-03T09:50:52 ICT" skipped="0">
  <testcase classname="com.tia.cucumber.step_definitions.RunnerTest" name="runScenario" time="1.565">
    <failure message="expected [Quick Launc] but found [Quick Launch]" type="java.lang.AssertionError">
      <![CDATA[java.lang.AssertionError: expected [Quick Launc] but found [Quick Launch]
at org.testng.Assert.fail(Assert.java:110)
at org.testng.Assert.failNotEquals(Assert.java:1413)
at org.testng.Assert.assertEqualsImpl(Assert.java:149)
at org.testng.Assert.assertEquals(Assert.java:131)
at org.testng.Assert.assertEquals(Assert.java:655)
at org.testng.Assert.assertEquals(Assert.java:665)
at com.tia.cucumber.step_definitions.TestDashboard.user_on_dashboard_page(TestDashboard.java:33)
at âœ½.User on dashboard page(file:///C:/Users/train/eclipse/juaracoding/automation-testing/cucumber-java/src/main/resources/features/02.Dashboard.feature:5)
]]>
    </failure>
  </testcase> <!-- runScenario -->
  <system-out/>
  <testcase classname="com.tia.cucumber.step_definitions.RunnerTest" name="runScenario" time="22.037"/>
  <system-out/>
</testsuite> <!-- com.tia.cucumber.step_definitions.RunnerTest -->
